#! /usr/local/Cellar/icarus-verilog/11.0/bin/vvp
:ivl_version "11.0 (stable)";
:ivl_delay_selection "TYPICAL";
:vpi_time_precision + 0;
:vpi_module "/usr/local/Cellar/icarus-verilog/11.0/lib/ivl/system.vpi";
:vpi_module "/usr/local/Cellar/icarus-verilog/11.0/lib/ivl/vhdl_sys.vpi";
:vpi_module "/usr/local/Cellar/icarus-verilog/11.0/lib/ivl/vhdl_textio.vpi";
:vpi_module "/usr/local/Cellar/icarus-verilog/11.0/lib/ivl/v2005_math.vpi";
:vpi_module "/usr/local/Cellar/icarus-verilog/11.0/lib/ivl/va_math.vpi";
S_0x7f92cb804850 .scope module, "interupt_control" "interupt_control" 2 3;
 .timescale 0 0;
    .port_info 0 /INPUT 1 "clk";
    .port_info 1 /INPUT 1 "reset";
    .port_info 2 /INPUT 32 "pc_next";
    .port_info 3 /INPUT 1 "interupt_signanl";
    .port_info 4 /OUTPUT 32 "pc_next_final";
    .port_info 5 /OUTPUT 32 "pc_next_regfile";
    .port_info 6 /OUTPUT 1 "en_regfile";
    .port_info 7 /INPUT 1 "jalr_select_signal";
    .port_info 8 /INPUT 5 "regfile_adrr_1";
P_0x7f92cb8049c0 .param/l "ISR_INIT_STATE" 1 2 21, +C4<00000000000000000000000000000001>;
P_0x7f92cb804a00 .param/l "ISR_PC" 1 2 16, +C4<00000000000000000000000111110100>;
P_0x7f92cb804a40 .param/l "ISR_STATE" 1 2 22, +C4<00000000000000000000000000000010>;
P_0x7f92cb804a80 .param/l "NORMAL_STATE" 1 2 20, +C4<00000000000000000000000000000000>;
o0x7f92cb932008 .functor BUFZ 32, C4<zzzzzzzzzzzzzzzzzzzzzzzzzzzzzzzz>; HiZ drive
L_0x7f92cb815e10 .functor BUFZ 32, o0x7f92cb932008, C4<00000000000000000000000000000000>, C4<00000000000000000000000000000000>, C4<00000000000000000000000000000000>;
o0x7f92cb932188 .functor BUFZ 1, C4<z>; HiZ drive
v0x7f92cb815450_0 .net "clk", 0 0, o0x7f92cb932188;  0 drivers
v0x7f92cb815500_0 .var "current_state", 1 0;
v0x7f92cb8155a0_0 .var "en_regfile", 0 0;
o0x7f92cb932218 .functor BUFZ 1, C4<z>; HiZ drive
v0x7f92cb815650_0 .net "interupt_signanl", 0 0, o0x7f92cb932218;  0 drivers
o0x7f92cb932248 .functor BUFZ 1, C4<z>; HiZ drive
v0x7f92cb8156e0_0 .net "jalr_select_signal", 0 0, o0x7f92cb932248;  0 drivers
v0x7f92cb8157c0_0 .var "mux_sel", 0 0;
v0x7f92cb815850_0 .var "next_state", 1 0;
v0x7f92cb8158f0_0 .net "pc_next", 31 0, o0x7f92cb932008;  0 drivers
v0x7f92cb8159b0_0 .net "pc_next_final", 31 0, v0x7f92cb815290_0;  1 drivers
v0x7f92cb815ae0_0 .net "pc_next_regfile", 31 0, L_0x7f92cb815e10;  1 drivers
o0x7f92cb9322d8 .functor BUFZ 5, C4<zzzzz>; HiZ drive
v0x7f92cb815b70_0 .net "regfile_adrr_1", 4 0, o0x7f92cb9322d8;  0 drivers
o0x7f92cb932308 .functor BUFZ 1, C4<z>; HiZ drive
v0x7f92cb815c00_0 .net "reset", 0 0, o0x7f92cb932308;  0 drivers
v0x7f92cb815c90_0 .var "return_from_isr", 0 0;
E_0x7f92cb804b00 .event negedge, v0x7f92cb815450_0;
E_0x7f92cb804b50 .event edge, v0x7f92cb815500_0;
E_0x7f92cb804df0 .event edge, v0x7f92cb815500_0, v0x7f92cb815650_0, v0x7f92cb815c90_0;
E_0x7f92cb804e40 .event edge, v0x7f92cb8156e0_0, v0x7f92cb815b70_0;
S_0x7f92cb804e70 .scope module, "pcMux" "mux2to1_32bit" 2 27, 3 1 0, S_0x7f92cb804850;
 .timescale 0 0;
    .port_info 0 /INPUT 32 "INPUT1";
    .port_info 1 /INPUT 32 "INPUT2";
    .port_info 2 /OUTPUT 32 "RESULT";
    .port_info 3 /INPUT 1 "SELECT";
v0x7f92cb805120_0 .net "INPUT1", 31 0, o0x7f92cb932008;  alias, 0 drivers
L_0x7f92cb963008 .functor BUFT 1, C4<00000000000000000000000111110100>, C4<0>, C4<0>, C4<0>;
v0x7f92cb8151e0_0 .net "INPUT2", 31 0, L_0x7f92cb963008;  1 drivers
v0x7f92cb815290_0 .var "RESULT", 31 0;
v0x7f92cb815350_0 .net "SELECT", 0 0, v0x7f92cb8157c0_0;  1 drivers
E_0x7f92cb8050c0 .event edge, v0x7f92cb815350_0, v0x7f92cb8151e0_0, v0x7f92cb805120_0;
    .scope S_0x7f92cb804e70;
T_0 ;
    %wait E_0x7f92cb8050c0;
    %load/vec4 v0x7f92cb815350_0;
    %cmpi/e 1, 0, 1;
    %jmp/0xz  T_0.0, 4;
    %load/vec4 v0x7f92cb8151e0_0;
    %store/vec4 v0x7f92cb815290_0, 0, 32;
    %jmp T_0.1;
T_0.0 ;
    %load/vec4 v0x7f92cb805120_0;
    %store/vec4 v0x7f92cb815290_0, 0, 32;
T_0.1 ;
    %jmp T_0;
    .thread T_0, $push;
    .scope S_0x7f92cb804850;
T_1 ;
    %wait E_0x7f92cb804e40;
    %load/vec4 v0x7f92cb8156e0_0;
    %cmpi/e 1, 0, 1;
    %jmp/0xz  T_1.0, 4;
    %load/vec4 v0x7f92cb815b70_0;
    %cmpi/e 30, 0, 5;
    %jmp/0xz  T_1.2, 4;
    %pushi/vec4 1, 0, 1;
    %store/vec4 v0x7f92cb815c90_0, 0, 1;
    %jmp T_1.3;
T_1.2 ;
    %pushi/vec4 0, 0, 1;
    %store/vec4 v0x7f92cb815c90_0, 0, 1;
T_1.3 ;
    %jmp T_1.1;
T_1.0 ;
    %pushi/vec4 0, 0, 1;
    %store/vec4 v0x7f92cb815c90_0, 0, 1;
T_1.1 ;
    %jmp T_1;
    .thread T_1, $push;
    .scope S_0x7f92cb804850;
T_2 ;
    %wait E_0x7f92cb804df0;
    %load/vec4 v0x7f92cb815500_0;
    %dup/vec4;
    %pushi/vec4 0, 0, 2;
    %cmp/u;
    %jmp/1 T_2.0, 6;
    %dup/vec4;
    %pushi/vec4 1, 0, 2;
    %cmp/u;
    %jmp/1 T_2.1, 6;
    %dup/vec4;
    %pushi/vec4 2, 0, 2;
    %cmp/u;
    %jmp/1 T_2.2, 6;
    %jmp T_2.3;
T_2.0 ;
    %load/vec4 v0x7f92cb815650_0;
    %cmpi/e 1, 0, 1;
    %jmp/0xz  T_2.4, 4;
    %pushi/vec4 1, 0, 2;
    %store/vec4 v0x7f92cb815850_0, 0, 2;
    %jmp T_2.5;
T_2.4 ;
    %pushi/vec4 0, 0, 2;
    %store/vec4 v0x7f92cb815850_0, 0, 2;
T_2.5 ;
    %jmp T_2.3;
T_2.1 ;
    %pushi/vec4 2, 0, 2;
    %store/vec4 v0x7f92cb815850_0, 0, 2;
    %jmp T_2.3;
T_2.2 ;
    %load/vec4 v0x7f92cb815c90_0;
    %cmpi/e 1, 0, 1;
    %jmp/0xz  T_2.6, 4;
    %pushi/vec4 0, 0, 2;
    %store/vec4 v0x7f92cb815850_0, 0, 2;
    %jmp T_2.7;
T_2.6 ;
    %pushi/vec4 2, 0, 2;
    %store/vec4 v0x7f92cb815850_0, 0, 2;
T_2.7 ;
    %jmp T_2.3;
T_2.3 ;
    %pop/vec4 1;
    %jmp T_2;
    .thread T_2, $push;
    .scope S_0x7f92cb804850;
T_3 ;
    %wait E_0x7f92cb804b50;
    %load/vec4 v0x7f92cb815500_0;
    %dup/vec4;
    %pushi/vec4 0, 0, 2;
    %cmp/u;
    %jmp/1 T_3.0, 6;
    %dup/vec4;
    %pushi/vec4 1, 0, 2;
    %cmp/u;
    %jmp/1 T_3.1, 6;
    %dup/vec4;
    %pushi/vec4 2, 0, 2;
    %cmp/u;
    %jmp/1 T_3.2, 6;
    %jmp T_3.3;
T_3.0 ;
    %pushi/vec4 0, 0, 1;
    %store/vec4 v0x7f92cb8157c0_0, 0, 1;
    %jmp T_3.3;
T_3.1 ;
    %pushi/vec4 1, 0, 1;
    %store/vec4 v0x7f92cb8157c0_0, 0, 1;
    %jmp T_3.3;
T_3.2 ;
    %pushi/vec4 0, 0, 1;
    %store/vec4 v0x7f92cb8157c0_0, 0, 1;
    %jmp T_3.3;
T_3.3 ;
    %pop/vec4 1;
    %jmp T_3;
    .thread T_3, $push;
    .scope S_0x7f92cb804850;
T_4 ;
    %wait E_0x7f92cb804b00;
    %load/vec4 v0x7f92cb815c00_0;
    %cmpi/e 1, 0, 1;
    %jmp/0xz  T_4.0, 4;
    %pushi/vec4 0, 0, 2;
    %store/vec4 v0x7f92cb815500_0, 0, 2;
    %jmp T_4.1;
T_4.0 ;
    %load/vec4 v0x7f92cb815850_0;
    %store/vec4 v0x7f92cb815500_0, 0, 2;
    %load/vec4 v0x7f92cb815500_0;
    %pad/u 32;
    %cmpi/e 1, 0, 32;
    %jmp/0xz  T_4.2, 4;
    %pushi/vec4 1, 0, 1;
    %store/vec4 v0x7f92cb8155a0_0, 0, 1;
    %jmp T_4.3;
T_4.2 ;
    %pushi/vec4 0, 0, 1;
    %store/vec4 v0x7f92cb8155a0_0, 0, 1;
T_4.3 ;
T_4.1 ;
    %jmp T_4;
    .thread T_4;
# The file index is used to find the file name in the following table.
:file_names 4;
    "N/A";
    "<interactive>";
    "interupt_control.v";
    "./../supported_modules/mux2to1_32bit.v";
