#! /usr/local/Cellar/icarus-verilog/11.0/bin/vvp
:ivl_version "11.0 (stable)";
:ivl_delay_selection "TYPICAL";
:vpi_time_precision + 0;
:vpi_module "/usr/local/Cellar/icarus-verilog/11.0/lib/ivl/system.vpi";
:vpi_module "/usr/local/Cellar/icarus-verilog/11.0/lib/ivl/vhdl_sys.vpi";
:vpi_module "/usr/local/Cellar/icarus-verilog/11.0/lib/ivl/vhdl_textio.vpi";
:vpi_module "/usr/local/Cellar/icarus-verilog/11.0/lib/ivl/v2005_math.vpi";
:vpi_module "/usr/local/Cellar/icarus-verilog/11.0/lib/ivl/va_math.vpi";
S_0x7f849d909540 .scope module, "Comparison" "Comparison" 2 8;
 .timescale 0 0;
    .port_info 0 /INPUT 32 "a_operand";
    .port_info 1 /INPUT 32 "b_operand";
    .port_info 2 /OUTPUT 2 "result";
o0x7f849d832008 .functor BUFZ 32, C4<zzzzzzzzzzzzzzzzzzzzzzzzzzzzzzzz>; HiZ drive
v0x7f849d904f10_0 .net "a_operand", 31 0, o0x7f849d832008;  0 drivers
o0x7f849d832038 .functor BUFZ 32, C4<zzzzzzzzzzzzzzzzzzzzzzzzzzzzzzzz>; HiZ drive
v0x7f849d919500_0 .net "b_operand", 31 0, o0x7f849d832038;  0 drivers
v0x7f849d9195a0_0 .var "result", 1 0;
E_0x7f849d904cb0 .event edge, v0x7f849d904f10_0, v0x7f849d919500_0;
    .scope S_0x7f849d909540;
T_0 ;
    %wait E_0x7f849d904cb0;
    %load/vec4 v0x7f849d904f10_0;
    %parti/s 8, 23, 6;
    %load/vec4 v0x7f849d919500_0;
    %parti/s 8, 23, 6;
    %cmp/e;
    %jmp/0xz  T_0.0, 4;
    %load/vec4 v0x7f849d904f10_0;
    %parti/s 23, 0, 2;
    %load/vec4 v0x7f849d919500_0;
    %parti/s 23, 0, 2;
    %cmp/e;
    %jmp/0xz  T_0.2, 4;
    %pushi/vec4 0, 0, 2;
    %store/vec4 v0x7f849d9195a0_0, 0, 2;
    %jmp T_0.3;
T_0.2 ;
    %load/vec4 v0x7f849d919500_0;
    %parti/s 23, 0, 2;
    %load/vec4 v0x7f849d904f10_0;
    %parti/s 23, 0, 2;
    %cmp/u;
    %jmp/0xz  T_0.4, 5;
    %pushi/vec4 1, 0, 2;
    %store/vec4 v0x7f849d9195a0_0, 0, 2;
    %jmp T_0.5;
T_0.4 ;
    %pushi/vec4 2, 0, 2;
    %store/vec4 v0x7f849d9195a0_0, 0, 2;
T_0.5 ;
T_0.3 ;
    %jmp T_0.1;
T_0.0 ;
    %load/vec4 v0x7f849d919500_0;
    %parti/s 8, 23, 6;
    %load/vec4 v0x7f849d904f10_0;
    %parti/s 8, 23, 6;
    %cmp/u;
    %jmp/0xz  T_0.6, 5;
    %pushi/vec4 1, 0, 2;
    %store/vec4 v0x7f849d9195a0_0, 0, 2;
    %jmp T_0.7;
T_0.6 ;
    %pushi/vec4 2, 0, 2;
    %store/vec4 v0x7f849d9195a0_0, 0, 2;
T_0.7 ;
T_0.1 ;
    %jmp T_0;
    .thread T_0, $push;
# The file index is used to find the file name in the following table.
:file_names 3;
    "N/A";
    "<interactive>";
    "Comparison.v";
