Flow report for RV32IM_pipeline
Tue Jul 19 14:16:37 2022
Quartus II 32-bit Version 12.1 Build 177 11/07/2012 SJ Full Version


---------------------
; Table of Contents ;
---------------------
  1. Legal Notice
  2. Flow Summary
  3. Flow Settings
  4. Flow Non-Default Global Settings
  5. Flow Elapsed Time
  6. Flow OS Summary
  7. Flow Log



----------------
; Legal Notice ;
----------------
Copyright (C) 1991-2012 Altera Corporation
Your use of Altera Corporation's design tools, logic functions 
and other software and tools, and its AMPP partner logic 
functions, and any output files from any of the foregoing 
(including device programming or simulation files), and any 
associated documentation or information are expressly subject 
to the terms and conditions of the Altera Program License 
Subscription Agreement, Altera MegaCore Function License 
Agreement, or other applicable license agreement, including, 
without limitation, that your use is for the sole purpose of 
programming logic devices manufactured by Altera and sold by 
Altera or its authorized distributors.  Please refer to the 
applicable agreement for further details.



+--------------------------------------------------------------------------------+
; Flow Summary                                                                   ;
+------------------------------------+-------------------------------------------+
; Flow Status                        ; Successful - Tue Jul 19 14:16:37 2022     ;
; Quartus II 32-bit Version          ; 12.1 Build 177 11/07/2012 SJ Full Version ;
; Revision Name                      ; RV32IM_pipeline                           ;
; Top-level Entity Name              ; system                                    ;
; Family                             ; Cyclone IV E                              ;
; Device                             ; EP4CE115F29C7                             ;
; Timing Models                      ; Final                                     ;
; Total logic elements               ; 426 / 114,480 ( < 1 % )                   ;
;     Total combinational functions  ; 380 / 114,480 ( < 1 % )                   ;
;     Dedicated logic registers      ; 211 / 114,480 ( < 1 % )                   ;
; Total registers                    ; 211                                       ;
; Total pins                         ; 64 / 529 ( 12 % )                         ;
; Total virtual pins                 ; 0                                         ;
; Total memory bits                  ; 0 / 3,981,312 ( 0 % )                     ;
; Embedded Multiplier 9-bit elements ; 0 / 532 ( 0 % )                           ;
; Total PLLs                         ; 0 / 4 ( 0 % )                             ;
+------------------------------------+-------------------------------------------+


+-----------------------------------------+
; Flow Settings                           ;
+-------------------+---------------------+
; Option            ; Setting             ;
+-------------------+---------------------+
; Start date & time ; 07/19/2022 14:15:54 ;
; Main task         ; Compilation         ;
; Revision Name     ; RV32IM_pipeline     ;
+-------------------+---------------------+


+------------------------------------------------------------------------------------------------------------------------------+
; Flow Non-Default Global Settings                                                                                             ;
+-------------------------------------+---------------------------------------+-----------------+-------------+----------------+
; Assignment Name                     ; Value                                 ; Default Value   ; Entity Name ; Section Id     ;
+-------------------------------------+---------------------------------------+-----------------+-------------+----------------+
; COMPILER_SIGNATURE_ID               ; 66325069289732.165822035413936        ; --              ; --          ; --             ;
; EDA_OUTPUT_DATA_FORMAT              ; Vhdl                                  ; --              ; --          ; eda_simulation ;
; EDA_SIMULATION_TOOL                 ; ModelSim-Altera (VHDL)                ; <None>          ; --          ; --             ;
; MAX_CORE_JUNCTION_TEMP              ; 85                                    ; --              ; --          ; --             ;
; MIN_CORE_JUNCTION_TEMP              ; 0                                     ; --              ; --          ; --             ;
; PARTITION_COLOR                     ; 16764057                              ; --              ; system      ; Top            ;
; PARTITION_FITTER_PRESERVATION_LEVEL ; PLACEMENT_AND_ROUTING                 ; --              ; system      ; Top            ;
; PARTITION_NETLIST_TYPE              ; SOURCE                                ; --              ; system      ; Top            ;
; POWER_BOARD_THERMAL_MODEL           ; None (CONSERVATIVE)                   ; --              ; --          ; --             ;
; POWER_PRESET_COOLING_SOLUTION       ; 23 MM HEAT SINK WITH 200 LFPM AIRFLOW ; --              ; --          ; --             ;
; PROJECT_OUTPUT_DIRECTORY            ; output_files                          ; --              ; --          ; --             ;
; TOP_LEVEL_ENTITY                    ; system                                ; RV32IM_pipeline ; --          ; --             ;
+-------------------------------------+---------------------------------------+-----------------+-------------+----------------+


+-------------------------------------------------------------------------------------------------------------------------------+
; Flow Elapsed Time                                                                                                             ;
+---------------------------+--------------+-------------------------+---------------------+------------------------------------+
; Module Name               ; Elapsed Time ; Average Processors Used ; Peak Virtual Memory ; Total CPU Time (on all processors) ;
+---------------------------+--------------+-------------------------+---------------------+------------------------------------+
; Analysis & Synthesis      ; 00:00:05     ; 1.0                     ; 379 MB              ; 00:00:04                           ;
; Fitter                    ; 00:00:21     ; 1.6                     ; 670 MB              ; 00:00:26                           ;
; Assembler                 ; 00:00:06     ; 1.0                     ; 365 MB              ; 00:00:06                           ;
; TimeQuest Timing Analyzer ; 00:00:05     ; 1.0                     ; 429 MB              ; 00:00:03                           ;
; EDA Netlist Writer        ; 00:00:02     ; 1.0                     ; 332 MB              ; 00:00:02                           ;
; Total                     ; 00:00:39     ; --                      ; --                  ; 00:00:41                           ;
+---------------------------+--------------+-------------------------+---------------------+------------------------------------+


+----------------------------------------------------------------------------------------+
; Flow OS Summary                                                                        ;
+---------------------------+------------------+-----------+------------+----------------+
; Module Name               ; Machine Hostname ; OS Name   ; OS Version ; Processor type ;
+---------------------------+------------------+-----------+------------+----------------+
; Analysis & Synthesis      ; DESKTOP-T64TVAP  ; Windows 7 ; 6.2        ; x86_64         ;
; Fitter                    ; DESKTOP-T64TVAP  ; Windows 7 ; 6.2        ; x86_64         ;
; Assembler                 ; DESKTOP-T64TVAP  ; Windows 7 ; 6.2        ; x86_64         ;
; TimeQuest Timing Analyzer ; DESKTOP-T64TVAP  ; Windows 7 ; 6.2        ; x86_64         ;
; EDA Netlist Writer        ; DESKTOP-T64TVAP  ; Windows 7 ; 6.2        ; x86_64         ;
+---------------------------+------------------+-----------+------------+----------------+


------------
; Flow Log ;
------------
quartus_map --read_settings_files=on --write_settings_files=off RV32IM_pipeline -c RV32IM_pipeline
quartus_fit --read_settings_files=off --write_settings_files=off RV32IM_pipeline -c RV32IM_pipeline
quartus_asm --read_settings_files=off --write_settings_files=off RV32IM_pipeline -c RV32IM_pipeline
quartus_sta RV32IM_pipeline -c RV32IM_pipeline
quartus_eda --read_settings_files=off --write_settings_files=off RV32IM_pipeline -c RV32IM_pipeline



