Analysis & Synthesis report for RV32IM_pipeline
Fri Jul 15 14:08:18 2022
Quartus II 32-bit Version 12.1 Build 177 11/07/2012 SJ Full Version


---------------------
; Table of Contents ;
---------------------
  1. Legal Notice
  2. Analysis & Synthesis Summary
  3. Analysis & Synthesis Settings
  4. Parallel Compilation
  5. Analysis & Synthesis Source Files Read
  6. Analysis & Synthesis Resource Usage Summary
  7. Analysis & Synthesis Resource Utilization by Entity
  8. Analysis & Synthesis DSP Block Usage Summary
  9. Registers Removed During Synthesis
 10. General Register Statistics
 11. Multiplexer Restructuring Statistics (Restructuring Performed)
 12. Parameter Settings for Inferred Entity Instance: alu:myAlu|lpm_mult:Mult0
 13. Parameter Settings for Inferred Entity Instance: alu:myAlu|lpm_mult:Mult1
 14. lpm_mult Parameter Settings by Entity Instance
 15. Port Connectivity Checks: "mux4to1_32bit:regWriteSelMUX"
 16. Port Connectivity Checks: "control_unit:myControl|mux2to1_3bit:funct3_mux"
 17. Elapsed Time Per Partition
 18. Analysis & Synthesis Messages



----------------
; Legal Notice ;
----------------
Copyright (C) 1991-2012 Altera Corporation
Your use of Altera Corporation's design tools, logic functions 
and other software and tools, and its AMPP partner logic 
functions, and any output files from any of the foregoing 
(including device programming or simulation files), and any 
associated documentation or information are expressly subject 
to the terms and conditions of the Altera Program License 
Subscription Agreement, Altera MegaCore Function License 
Agreement, or other applicable license agreement, including, 
without limitation, that your use is for the sole purpose of 
programming logic devices manufactured by Altera and sold by 
Altera or its authorized distributors.  Please refer to the 
applicable agreement for further details.



+--------------------------------------------------------------------------------+
; Analysis & Synthesis Summary                                                   ;
+------------------------------------+-------------------------------------------+
; Analysis & Synthesis Status        ; Successful - Fri Jul 15 14:08:18 2022     ;
; Quartus II 32-bit Version          ; 12.1 Build 177 11/07/2012 SJ Full Version ;
; Revision Name                      ; RV32IM_pipeline                           ;
; Top-level Entity Name              ; cpu                                       ;
; Family                             ; Cyclone IV E                              ;
; Total logic elements               ; 3,940                                     ;
;     Total combinational functions  ; 2,706                                     ;
;     Dedicated logic registers      ; 1,542                                     ;
; Total registers                    ; 1542                                      ;
; Total pins                         ; 172                                       ;
; Total virtual pins                 ; 0                                         ;
; Total memory bits                  ; 0                                         ;
; Embedded Multiplier 9-bit elements ; 12                                        ;
; Total PLLs                         ; 0                                         ;
+------------------------------------+-------------------------------------------+


+----------------------------------------------------------------------------------------------------------------------+
; Analysis & Synthesis Settings                                                                                        ;
+----------------------------------------------------------------------------+--------------------+--------------------+
; Option                                                                     ; Setting            ; Default Value      ;
+----------------------------------------------------------------------------+--------------------+--------------------+
; Device                                                                     ; EP4CE115F29C7      ;                    ;
; Top-level entity name                                                      ; cpu                ; RV32IM_pipeline    ;
; Family name                                                                ; Cyclone IV E       ; Cyclone IV GX      ;
; Use smart compilation                                                      ; Off                ; Off                ;
; Enable parallel Assembler and TimeQuest Timing Analyzer during compilation ; On                 ; On                 ;
; Enable compact report table                                                ; Off                ; Off                ;
; Restructure Multiplexers                                                   ; Auto               ; Auto               ;
; Create Debugging Nodes for IP Cores                                        ; Off                ; Off                ;
; Preserve fewer node names                                                  ; On                 ; On                 ;
; Disable OpenCore Plus hardware evaluation                                  ; Off                ; Off                ;
; Verilog Version                                                            ; Verilog_2001       ; Verilog_2001       ;
; VHDL Version                                                               ; VHDL_1993          ; VHDL_1993          ;
; State Machine Processing                                                   ; Auto               ; Auto               ;
; Safe State Machine                                                         ; Off                ; Off                ;
; Extract Verilog State Machines                                             ; On                 ; On                 ;
; Extract VHDL State Machines                                                ; On                 ; On                 ;
; Ignore Verilog initial constructs                                          ; Off                ; Off                ;
; Iteration limit for constant Verilog loops                                 ; 5000               ; 5000               ;
; Iteration limit for non-constant Verilog loops                             ; 250                ; 250                ;
; Add Pass-Through Logic to Inferred RAMs                                    ; On                 ; On                 ;
; Infer RAMs from Raw Logic                                                  ; On                 ; On                 ;
; Parallel Synthesis                                                         ; On                 ; On                 ;
; DSP Block Balancing                                                        ; Auto               ; Auto               ;
; NOT Gate Push-Back                                                         ; On                 ; On                 ;
; Power-Up Don't Care                                                        ; On                 ; On                 ;
; Remove Redundant Logic Cells                                               ; Off                ; Off                ;
; Remove Duplicate Registers                                                 ; On                 ; On                 ;
; Ignore CARRY Buffers                                                       ; Off                ; Off                ;
; Ignore CASCADE Buffers                                                     ; Off                ; Off                ;
; Ignore GLOBAL Buffers                                                      ; Off                ; Off                ;
; Ignore ROW GLOBAL Buffers                                                  ; Off                ; Off                ;
; Ignore LCELL Buffers                                                       ; Off                ; Off                ;
; Ignore SOFT Buffers                                                        ; On                 ; On                 ;
; Limit AHDL Integers to 32 Bits                                             ; Off                ; Off                ;
; Optimization Technique                                                     ; Balanced           ; Balanced           ;
; Carry Chain Length                                                         ; 70                 ; 70                 ;
; Auto Carry Chains                                                          ; On                 ; On                 ;
; Auto Open-Drain Pins                                                       ; On                 ; On                 ;
; Perform WYSIWYG Primitive Resynthesis                                      ; Off                ; Off                ;
; Auto ROM Replacement                                                       ; On                 ; On                 ;
; Auto RAM Replacement                                                       ; On                 ; On                 ;
; Auto DSP Block Replacement                                                 ; On                 ; On                 ;
; Auto Shift Register Replacement                                            ; Auto               ; Auto               ;
; Allow Shift Register Merging across Hierarchies                            ; Auto               ; Auto               ;
; Auto Clock Enable Replacement                                              ; On                 ; On                 ;
; Strict RAM Replacement                                                     ; Off                ; Off                ;
; Allow Synchronous Control Signals                                          ; On                 ; On                 ;
; Force Use of Synchronous Clear Signals                                     ; Off                ; Off                ;
; Auto RAM Block Balancing                                                   ; On                 ; On                 ;
; Auto RAM to Logic Cell Conversion                                          ; Off                ; Off                ;
; Auto Resource Sharing                                                      ; Off                ; Off                ;
; Allow Any RAM Size For Recognition                                         ; Off                ; Off                ;
; Allow Any ROM Size For Recognition                                         ; Off                ; Off                ;
; Allow Any Shift Register Size For Recognition                              ; Off                ; Off                ;
; Use LogicLock Constraints during Resource Balancing                        ; On                 ; On                 ;
; Ignore translate_off and synthesis_off directives                          ; Off                ; Off                ;
; Timing-Driven Synthesis                                                    ; On                 ; On                 ;
; Report Parameter Settings                                                  ; On                 ; On                 ;
; Report Source Assignments                                                  ; On                 ; On                 ;
; Report Connectivity Checks                                                 ; On                 ; On                 ;
; Ignore Maximum Fan-Out Assignments                                         ; Off                ; Off                ;
; Synchronization Register Chain Length                                      ; 2                  ; 2                  ;
; PowerPlay Power Optimization                                               ; Normal compilation ; Normal compilation ;
; HDL message level                                                          ; Level2             ; Level2             ;
; Suppress Register Optimization Related Messages                            ; Off                ; Off                ;
; Number of Removed Registers Reported in Synthesis Report                   ; 5000               ; 5000               ;
; Number of Swept Nodes Reported in Synthesis Report                         ; 5000               ; 5000               ;
; Number of Inverted Registers Reported in Synthesis Report                  ; 100                ; 100                ;
; Clock MUX Protection                                                       ; On                 ; On                 ;
; Auto Gated Clock Conversion                                                ; Off                ; Off                ;
; Block Design Naming                                                        ; Auto               ; Auto               ;
; SDC constraint protection                                                  ; Off                ; Off                ;
; Synthesis Effort                                                           ; Auto               ; Auto               ;
; Shift Register Replacement - Allow Asynchronous Clear Signal               ; On                 ; On                 ;
; Pre-Mapping Resynthesis Optimization                                       ; Off                ; Off                ;
; Analysis & Synthesis Message Level                                         ; Medium             ; Medium             ;
; Disable Register Merging Across Hierarchies                                ; Auto               ; Auto               ;
; Resource Aware Inference For Block RAM                                     ; On                 ; On                 ;
; Synthesis Seed                                                             ; 1                  ; 1                  ;
+----------------------------------------------------------------------------+--------------------+--------------------+


+------------------------------------------+
; Parallel Compilation                     ;
+----------------------------+-------------+
; Processors                 ; Number      ;
+----------------------------+-------------+
; Number detected on machine ; 4           ;
; Maximum allowed            ; 2           ;
;                            ;             ;
; Average used               ; 1.00        ;
; Maximum used               ; 2           ;
;                            ;             ;
; Usage by Processor         ; % Time Used ;
;     1 processor            ; 100.0%      ;
;     2 processors           ; < 0.1%      ;
;     3-4 processors         ;   0.0%      ;
+----------------------------+-------------+


+--------------------------------------------------------------------------------------------------------------------------------------------------------------------------------------------------------------------------------------------+
; Analysis & Synthesis Source Files Read                                                                                                                                                                                                     ;
+------------------------------------------------+-----------------+------------------------------+--------------------------------------------------------------------------------------------------------------------------------+---------+
; File Name with User-Entered Path               ; Used in Netlist ; File Type                    ; File Name with Absolute Path                                                                                                   ; Library ;
+------------------------------------------------+-----------------+------------------------------+--------------------------------------------------------------------------------------------------------------------------------+---------+
; cpu/supported_modules/mux4to1_32bit.v          ; yes             ; User Verilog HDL File        ; C:/Users/Dinindu/Desktop/e16-4yp-neuromorphic-architecture/RV32IM_pipeline_FPGA/cpu/supported_modules/mux4to1_32bit.v          ;         ;
; cpu/supported_modules/mux2to1_32bit.v          ; yes             ; User Verilog HDL File        ; C:/Users/Dinindu/Desktop/e16-4yp-neuromorphic-architecture/RV32IM_pipeline_FPGA/cpu/supported_modules/mux2to1_32bit.v          ;         ;
; cpu/supported_modules/mux2to1_3bit.v           ; yes             ; User Verilog HDL File        ; C:/Users/Dinindu/Desktop/e16-4yp-neuromorphic-architecture/RV32IM_pipeline_FPGA/cpu/supported_modules/mux2to1_3bit.v           ;         ;
; cpu/register_file_module/reg_file.v            ; yes             ; User Verilog HDL File        ; C:/Users/Dinindu/Desktop/e16-4yp-neuromorphic-architecture/RV32IM_pipeline_FPGA/cpu/register_file_module/reg_file.v            ;         ;
; cpu/immediate_select_module/immediate_select.v ; yes             ; User Verilog HDL File        ; C:/Users/Dinindu/Desktop/e16-4yp-neuromorphic-architecture/RV32IM_pipeline_FPGA/cpu/immediate_select_module/immediate_select.v ;         ;
; cpu/forward_unit_modules/stage4_forward_unit.v ; yes             ; User Verilog HDL File        ; C:/Users/Dinindu/Desktop/e16-4yp-neuromorphic-architecture/RV32IM_pipeline_FPGA/cpu/forward_unit_modules/stage4_forward_unit.v ;         ;
; cpu/forward_unit_modules/stage3_forward_unit.v ; yes             ; User Verilog HDL File        ; C:/Users/Dinindu/Desktop/e16-4yp-neuromorphic-architecture/RV32IM_pipeline_FPGA/cpu/forward_unit_modules/stage3_forward_unit.v ;         ;
; cpu/cpu_module/cpu.v                           ; yes             ; User Verilog HDL File        ; C:/Users/Dinindu/Desktop/e16-4yp-neuromorphic-architecture/RV32IM_pipeline_FPGA/cpu/cpu_module/cpu.v                           ;         ;
; cpu/control_unit_module/control_unit.v         ; yes             ; User Verilog HDL File        ; C:/Users/Dinindu/Desktop/e16-4yp-neuromorphic-architecture/RV32IM_pipeline_FPGA/cpu/control_unit_module/control_unit.v         ;         ;
; cpu/branch_select_module/branch_select.v       ; yes             ; User Verilog HDL File        ; C:/Users/Dinindu/Desktop/e16-4yp-neuromorphic-architecture/RV32IM_pipeline_FPGA/cpu/branch_select_module/branch_select.v       ;         ;
; cpu/alu_module/alu.v                           ; yes             ; User Verilog HDL File        ; C:/Users/Dinindu/Desktop/e16-4yp-neuromorphic-architecture/RV32IM_pipeline_FPGA/cpu/alu_module/alu.v                           ;         ;
; lpm_mult.tdf                                   ; yes             ; Megafunction                 ; e:/software/altera/12.1/quartus/libraries/megafunctions/lpm_mult.tdf                                                           ;         ;
; aglobal121.inc                                 ; yes             ; Megafunction                 ; e:/software/altera/12.1/quartus/libraries/megafunctions/aglobal121.inc                                                         ;         ;
; lpm_add_sub.inc                                ; yes             ; Megafunction                 ; e:/software/altera/12.1/quartus/libraries/megafunctions/lpm_add_sub.inc                                                        ;         ;
; multcore.inc                                   ; yes             ; Megafunction                 ; e:/software/altera/12.1/quartus/libraries/megafunctions/multcore.inc                                                           ;         ;
; bypassff.inc                                   ; yes             ; Megafunction                 ; e:/software/altera/12.1/quartus/libraries/megafunctions/bypassff.inc                                                           ;         ;
; altshift.inc                                   ; yes             ; Megafunction                 ; e:/software/altera/12.1/quartus/libraries/megafunctions/altshift.inc                                                           ;         ;
; db/mult_7dt.tdf                                ; yes             ; Auto-Generated Megafunction  ; C:/Users/Dinindu/Desktop/e16-4yp-neuromorphic-architecture/RV32IM_pipeline_FPGA/db/mult_7dt.tdf                                ;         ;
+------------------------------------------------+-----------------+------------------------------+--------------------------------------------------------------------------------------------------------------------------------+---------+


+-----------------------------------------------------+
; Analysis & Synthesis Resource Usage Summary         ;
+---------------------------------------------+-------+
; Resource                                    ; Usage ;
+---------------------------------------------+-------+
; Estimated Total logic elements              ; 3,940 ;
;                                             ;       ;
; Total combinational functions               ; 2706  ;
; Logic element usage by number of LUT inputs ;       ;
;     -- 4 input functions                    ; 2012  ;
;     -- 3 input functions                    ; 599   ;
;     -- <=2 input functions                  ; 95    ;
;                                             ;       ;
; Logic elements by mode                      ;       ;
;     -- normal mode                          ; 2500  ;
;     -- arithmetic mode                      ; 206   ;
;                                             ;       ;
; Total registers                             ; 1542  ;
;     -- Dedicated logic registers            ; 1542  ;
;     -- I/O registers                        ; 0     ;
;                                             ;       ;
; I/O pins                                    ; 172   ;
; Embedded Multiplier 9-bit elements          ; 12    ;
; Maximum fan-out                             ; 1542  ;
; Total fan-out                               ; 15177 ;
; Average fan-out                             ; 3.30  ;
+---------------------------------------------+-------+


+---------------------------------------------------------------------------------------------------------------------------------------------------------------------------------------------------------------------------------+
; Analysis & Synthesis Resource Utilization by Entity                                                                                                                                                                             ;
+----------------------------------------------+-------------------+--------------+-------------+--------------+---------+-----------+------+--------------+-------------------------------------------------------+--------------+
; Compilation Hierarchy Node                   ; LC Combinationals ; LC Registers ; Memory Bits ; DSP Elements ; DSP 9x9 ; DSP 18x18 ; Pins ; Virtual Pins ; Full Hierarchy Name                                   ; Library Name ;
+----------------------------------------------+-------------------+--------------+-------------+--------------+---------+-----------+------+--------------+-------------------------------------------------------+--------------+
; |cpu                                         ; 2706 (117)        ; 1542 (518)   ; 0           ; 12           ; 0       ; 6         ; 172  ; 0            ; |cpu                                                  ;              ;
;    |alu:myAlu|                               ; 706 (650)         ; 0 (0)        ; 0           ; 12           ; 0       ; 6         ; 0    ; 0            ; |cpu|alu:myAlu                                        ;              ;
;       |lpm_mult:Mult0|                       ; 28 (0)            ; 0 (0)        ; 0           ; 6            ; 0       ; 3         ; 0    ; 0            ; |cpu|alu:myAlu|lpm_mult:Mult0                         ;              ;
;          |mult_7dt:auto_generated|           ; 28 (28)           ; 0 (0)        ; 0           ; 6            ; 0       ; 3         ; 0    ; 0            ; |cpu|alu:myAlu|lpm_mult:Mult0|mult_7dt:auto_generated ;              ;
;       |lpm_mult:Mult1|                       ; 28 (0)            ; 0 (0)        ; 0           ; 6            ; 0       ; 3         ; 0    ; 0            ; |cpu|alu:myAlu|lpm_mult:Mult1                         ;              ;
;          |mult_7dt:auto_generated|           ; 28 (28)           ; 0 (0)        ; 0           ; 6            ; 0       ; 3         ; 0    ; 0            ; |cpu|alu:myAlu|lpm_mult:Mult1|mult_7dt:auto_generated ;              ;
;    |branch_select:myBranchSelect|            ; 56 (56)           ; 0 (0)        ; 0           ; 0            ; 0       ; 0         ; 0    ; 0            ; |cpu|branch_select:myBranchSelect                     ;              ;
;    |control_unit:myControl|                  ; 39 (36)           ; 0 (0)        ; 0           ; 0            ; 0       ; 0         ; 0    ; 0            ; |cpu|control_unit:myControl                           ;              ;
;       |mux2to1_3bit:funct3_mux|              ; 3 (3)             ; 0 (0)        ; 0           ; 0            ; 0       ; 0         ; 0    ; 0            ; |cpu|control_unit:myControl|mux2to1_3bit:funct3_mux   ;              ;
;    |immediate_select:myImmediate|            ; 45 (45)           ; 0 (0)        ; 0           ; 0            ; 0       ; 0         ; 0    ; 0            ; |cpu|immediate_select:myImmediate                     ;              ;
;    |mux2to1_32bit:oparand1_mux|              ; 32 (32)           ; 0 (0)        ; 0           ; 0            ; 0       ; 0         ; 0    ; 0            ; |cpu|mux2to1_32bit:oparand1_mux                       ;              ;
;    |mux2to1_32bit:oparand2_mux|              ; 32 (32)           ; 0 (0)        ; 0           ; 0            ; 0       ; 0         ; 0    ; 0            ; |cpu|mux2to1_32bit:oparand2_mux                       ;              ;
;    |mux2to1_32bit:stage4_forward_unit_mux|   ; 32 (32)           ; 0 (0)        ; 0           ; 0            ; 0       ; 0         ; 0    ; 0            ; |cpu|mux2to1_32bit:stage4_forward_unit_mux            ;              ;
;    |mux4to1_32bit:oparand1_mux_haz|          ; 65 (65)           ; 0 (0)        ; 0           ; 0            ; 0       ; 0         ; 0    ; 0            ; |cpu|mux4to1_32bit:oparand1_mux_haz                   ;              ;
;    |mux4to1_32bit:oparand2_mux_haz|          ; 64 (64)           ; 0 (0)        ; 0           ; 0            ; 0       ; 0         ; 0    ; 0            ; |cpu|mux4to1_32bit:oparand2_mux_haz                   ;              ;
;    |mux4to1_32bit:regWriteSelMUX|            ; 64 (64)           ; 0 (0)        ; 0           ; 0            ; 0       ; 0         ; 0    ; 0            ; |cpu|mux4to1_32bit:regWriteSelMUX                     ;              ;
;    |reg_file:myreg|                          ; 1424 (1424)       ; 1024 (1024)  ; 0           ; 0            ; 0       ; 0         ; 0    ; 0            ; |cpu|reg_file:myreg                                   ;              ;
;    |stage3_forward_unit:myStage3Fowarding|   ; 26 (26)           ; 0 (0)        ; 0           ; 0            ; 0       ; 0         ; 0    ; 0            ; |cpu|stage3_forward_unit:myStage3Fowarding            ;              ;
;    |stage4_forward_unit:stage4_forward_unit| ; 4 (4)             ; 0 (0)        ; 0           ; 0            ; 0       ; 0         ; 0    ; 0            ; |cpu|stage4_forward_unit:stage4_forward_unit          ;              ;
+----------------------------------------------+-------------------+--------------+-------------+--------------+---------+-----------+------+--------------+-------------------------------------------------------+--------------+
Note: For table entries with two numbers listed, the numbers in parentheses indicate the number of resources of the given type used by the specific entity alone. The numbers listed outside of parentheses indicate the total resources of the given type used by the specific entity and all of its sub-entities in the hierarchy.


+-----------------------------------------------------+
; Analysis & Synthesis DSP Block Usage Summary        ;
+---------------------------------------+-------------+
; Statistic                             ; Number Used ;
+---------------------------------------+-------------+
; Simple Multipliers (9-bit)            ; 0           ;
; Simple Multipliers (18-bit)           ; 6           ;
; Embedded Multiplier Blocks            ; --          ;
; Embedded Multiplier 9-bit elements    ; 12          ;
; Signed Embedded Multipliers           ; 0           ;
; Unsigned Embedded Multipliers         ; 6           ;
; Mixed Sign Embedded Multipliers       ; 0           ;
; Variable Sign Embedded Multipliers    ; 0           ;
; Dedicated Input Shift Register Chains ; 0           ;
+---------------------------------------+-------------+
Note: number of Embedded Multiplier Blocks used is only available after a successful fit.


+-----------------------------------------------------------------------+
; Registers Removed During Synthesis                                    ;
+---------------------------------------+-------------------------------+
; Register name                         ; Reason for Removal            ;
+---------------------------------------+-------------------------------+
; PR_MEM_WRITE_S2[1]                    ; Merged with PR_MEM_READ_S2[1] ;
; PR_MEM_WRITE_S2[0]                    ; Merged with PR_MEM_READ_S2[0] ;
; Total Number of Removed Registers = 2 ;                               ;
+---------------------------------------+-------------------------------+


+------------------------------------------------------+
; General Register Statistics                          ;
+----------------------------------------------+-------+
; Statistic                                    ; Value ;
+----------------------------------------------+-------+
; Total registers                              ; 1542  ;
; Number of registers using Synchronous Clear  ; 0     ;
; Number of registers using Synchronous Load   ; 42    ;
; Number of registers using Asynchronous Clear ; 0     ;
; Number of registers using Asynchronous Load  ; 0     ;
; Number of registers using Clock Enable       ; 1541  ;
; Number of registers using Preset             ; 0     ;
+----------------------------------------------+-------+


+-------------------------------------------------------------------------------------------------------------------------------------------------------------------------+
; Multiplexer Restructuring Statistics (Restructuring Performed)                                                                                                          ;
+--------------------+-----------+---------------+----------------------+------------------------+------------+-----------------------------------------------------------+
; Multiplexer Inputs ; Bus Width ; Baseline Area ; Area if Restructured ; Saving if Restructured ; Registered ; Example Multiplexer Output                                ;
+--------------------+-----------+---------------+----------------------+------------------------+------------+-----------------------------------------------------------+
; 4:1                ; 2 bits    ; 4 LEs         ; 2 LEs                ; 2 LEs                  ; Yes        ; |cpu|PC_PLUS_4[0]                                         ;
; 4:1                ; 30 bits   ; 60 LEs        ; 60 LEs               ; 0 LEs                  ; Yes        ; |cpu|PC[2]~reg0                                           ;
; 4:1                ; 32 bits   ; 64 LEs        ; 32 LEs               ; 32 LEs                 ; Yes        ; |cpu|reg_file:myreg|REGISTERS[31][5]                      ;
; 4:1                ; 32 bits   ; 64 LEs        ; 32 LEs               ; 32 LEs                 ; Yes        ; |cpu|reg_file:myreg|REGISTERS[30][15]                     ;
; 4:1                ; 32 bits   ; 64 LEs        ; 32 LEs               ; 32 LEs                 ; Yes        ; |cpu|reg_file:myreg|REGISTERS[29][9]                      ;
; 4:1                ; 32 bits   ; 64 LEs        ; 32 LEs               ; 32 LEs                 ; Yes        ; |cpu|reg_file:myreg|REGISTERS[28][1]                      ;
; 4:1                ; 32 bits   ; 64 LEs        ; 32 LEs               ; 32 LEs                 ; Yes        ; |cpu|reg_file:myreg|REGISTERS[27][11]                     ;
; 4:1                ; 32 bits   ; 64 LEs        ; 32 LEs               ; 32 LEs                 ; Yes        ; |cpu|reg_file:myreg|REGISTERS[26][23]                     ;
; 4:1                ; 32 bits   ; 64 LEs        ; 32 LEs               ; 32 LEs                 ; Yes        ; |cpu|reg_file:myreg|REGISTERS[25][1]                      ;
; 4:1                ; 32 bits   ; 64 LEs        ; 32 LEs               ; 32 LEs                 ; Yes        ; |cpu|reg_file:myreg|REGISTERS[24][23]                     ;
; 4:1                ; 32 bits   ; 64 LEs        ; 32 LEs               ; 32 LEs                 ; Yes        ; |cpu|reg_file:myreg|REGISTERS[23][16]                     ;
; 4:1                ; 32 bits   ; 64 LEs        ; 32 LEs               ; 32 LEs                 ; Yes        ; |cpu|reg_file:myreg|REGISTERS[22][22]                     ;
; 4:1                ; 32 bits   ; 64 LEs        ; 32 LEs               ; 32 LEs                 ; Yes        ; |cpu|reg_file:myreg|REGISTERS[21][11]                     ;
; 4:1                ; 32 bits   ; 64 LEs        ; 32 LEs               ; 32 LEs                 ; Yes        ; |cpu|reg_file:myreg|REGISTERS[20][27]                     ;
; 4:1                ; 32 bits   ; 64 LEs        ; 32 LEs               ; 32 LEs                 ; Yes        ; |cpu|reg_file:myreg|REGISTERS[19][21]                     ;
; 4:1                ; 32 bits   ; 64 LEs        ; 32 LEs               ; 32 LEs                 ; Yes        ; |cpu|reg_file:myreg|REGISTERS[18][2]                      ;
; 4:1                ; 32 bits   ; 64 LEs        ; 32 LEs               ; 32 LEs                 ; Yes        ; |cpu|reg_file:myreg|REGISTERS[17][30]                     ;
; 4:1                ; 32 bits   ; 64 LEs        ; 32 LEs               ; 32 LEs                 ; Yes        ; |cpu|reg_file:myreg|REGISTERS[16][26]                     ;
; 4:1                ; 32 bits   ; 64 LEs        ; 32 LEs               ; 32 LEs                 ; Yes        ; |cpu|reg_file:myreg|REGISTERS[15][31]                     ;
; 4:1                ; 32 bits   ; 64 LEs        ; 32 LEs               ; 32 LEs                 ; Yes        ; |cpu|reg_file:myreg|REGISTERS[14][21]                     ;
; 4:1                ; 32 bits   ; 64 LEs        ; 32 LEs               ; 32 LEs                 ; Yes        ; |cpu|reg_file:myreg|REGISTERS[13][22]                     ;
; 4:1                ; 32 bits   ; 64 LEs        ; 32 LEs               ; 32 LEs                 ; Yes        ; |cpu|reg_file:myreg|REGISTERS[12][27]                     ;
; 4:1                ; 32 bits   ; 64 LEs        ; 32 LEs               ; 32 LEs                 ; Yes        ; |cpu|reg_file:myreg|REGISTERS[11][9]                      ;
; 4:1                ; 32 bits   ; 64 LEs        ; 32 LEs               ; 32 LEs                 ; Yes        ; |cpu|reg_file:myreg|REGISTERS[10][24]                     ;
; 4:1                ; 32 bits   ; 64 LEs        ; 32 LEs               ; 32 LEs                 ; Yes        ; |cpu|reg_file:myreg|REGISTERS[9][25]                      ;
; 4:1                ; 32 bits   ; 64 LEs        ; 32 LEs               ; 32 LEs                 ; Yes        ; |cpu|reg_file:myreg|REGISTERS[8][1]                       ;
; 4:1                ; 32 bits   ; 64 LEs        ; 32 LEs               ; 32 LEs                 ; Yes        ; |cpu|reg_file:myreg|REGISTERS[7][17]                      ;
; 4:1                ; 32 bits   ; 64 LEs        ; 32 LEs               ; 32 LEs                 ; Yes        ; |cpu|reg_file:myreg|REGISTERS[6][23]                      ;
; 4:1                ; 32 bits   ; 64 LEs        ; 32 LEs               ; 32 LEs                 ; Yes        ; |cpu|reg_file:myreg|REGISTERS[5][11]                      ;
; 4:1                ; 32 bits   ; 64 LEs        ; 32 LEs               ; 32 LEs                 ; Yes        ; |cpu|reg_file:myreg|REGISTERS[4][24]                      ;
; 4:1                ; 32 bits   ; 64 LEs        ; 32 LEs               ; 32 LEs                 ; Yes        ; |cpu|reg_file:myreg|REGISTERS[3][16]                      ;
; 4:1                ; 32 bits   ; 64 LEs        ; 32 LEs               ; 32 LEs                 ; Yes        ; |cpu|reg_file:myreg|REGISTERS[2][15]                      ;
; 4:1                ; 32 bits   ; 64 LEs        ; 32 LEs               ; 32 LEs                 ; Yes        ; |cpu|reg_file:myreg|REGISTERS[1][14]                      ;
; 4:1                ; 32 bits   ; 64 LEs        ; 32 LEs               ; 32 LEs                 ; Yes        ; |cpu|reg_file:myreg|REGISTERS[0][21]                      ;
; 32:1               ; 32 bits   ; 672 LEs       ; 672 LEs              ; 0 LEs                  ; Yes        ; |cpu|PR_DATA_1_S2[25]                                     ;
; 32:1               ; 32 bits   ; 672 LEs       ; 672 LEs              ; 0 LEs                  ; Yes        ; |cpu|PR_DATA_2_S2[16]                                     ;
; 3:1                ; 2 bits    ; 4 LEs         ; 4 LEs                ; 0 LEs                  ; No         ; |cpu|stage3_forward_unit:myStage3Fowarding|OP1_MUX_OUT[1] ;
; 4:1                ; 32 bits   ; 64 LEs        ; 64 LEs               ; 0 LEs                  ; No         ; |cpu|mux4to1_32bit:oparand1_mux_haz|RESULT[21]            ;
; 4:1                ; 32 bits   ; 64 LEs        ; 64 LEs               ; 0 LEs                  ; No         ; |cpu|mux4to1_32bit:regWriteSelMUX|RESULT[8]               ;
; 3:1                ; 2 bits    ; 4 LEs         ; 4 LEs                ; 0 LEs                  ; No         ; |cpu|stage3_forward_unit:myStage3Fowarding|OP2_MUX_OUT[1] ;
; 4:1                ; 32 bits   ; 64 LEs        ; 64 LEs               ; 0 LEs                  ; No         ; |cpu|mux4to1_32bit:oparand2_mux_haz|RESULT[17]            ;
; 4:1                ; 11 bits   ; 22 LEs        ; 22 LEs               ; 0 LEs                  ; No         ; |cpu|immediate_select:myImmediate|Mux21                   ;
; 5:1                ; 7 bits    ; 21 LEs        ; 14 LEs               ; 7 LEs                  ; No         ; |cpu|immediate_select:myImmediate|Mux19                   ;
; 6:1                ; 6 bits    ; 24 LEs        ; 12 LEs               ; 12 LEs                 ; No         ; |cpu|immediate_select:myImmediate|Mux9                    ;
; 7:1                ; 4 bits    ; 16 LEs        ; 8 LEs                ; 8 LEs                  ; No         ; |cpu|immediate_select:myImmediate|Mux0                    ;
; 36:1               ; 8 bits    ; 192 LEs       ; 56 LEs               ; 136 LEs                ; No         ; |cpu|alu:myAlu|Mux9                                       ;
; 36:1               ; 8 bits    ; 192 LEs       ; 56 LEs               ; 136 LEs                ; No         ; |cpu|alu:myAlu|Mux23                                      ;
; 37:1               ; 4 bits    ; 96 LEs        ; 32 LEs               ; 64 LEs                 ; No         ; |cpu|alu:myAlu|Mux4                                       ;
; 37:1               ; 4 bits    ; 96 LEs        ; 32 LEs               ; 64 LEs                 ; No         ; |cpu|alu:myAlu|Mux24                                      ;
; 38:1               ; 2 bits    ; 50 LEs        ; 18 LEs               ; 32 LEs                 ; No         ; |cpu|alu:myAlu|Mux3                                       ;
; 38:1               ; 2 bits    ; 50 LEs        ; 18 LEs               ; 32 LEs                 ; No         ; |cpu|alu:myAlu|Mux28                                      ;
; 39:1               ; 2 bits    ; 52 LEs        ; 18 LEs               ; 34 LEs                 ; No         ; |cpu|alu:myAlu|Mux1                                       ;
+--------------------+-----------+---------------+----------------------+------------------------+------------+-----------------------------------------------------------+


+-------------------------------------------------------------------------------------+
; Parameter Settings for Inferred Entity Instance: alu:myAlu|lpm_mult:Mult0           ;
+------------------------------------------------+--------------+---------------------+
; Parameter Name                                 ; Value        ; Type                ;
+------------------------------------------------+--------------+---------------------+
; AUTO_CARRY_CHAINS                              ; ON           ; AUTO_CARRY          ;
; IGNORE_CARRY_BUFFERS                           ; OFF          ; IGNORE_CARRY        ;
; AUTO_CASCADE_CHAINS                            ; ON           ; AUTO_CASCADE        ;
; IGNORE_CASCADE_BUFFERS                         ; OFF          ; IGNORE_CASCADE      ;
; LPM_WIDTHA                                     ; 32           ; Untyped             ;
; LPM_WIDTHB                                     ; 32           ; Untyped             ;
; LPM_WIDTHP                                     ; 64           ; Untyped             ;
; LPM_WIDTHR                                     ; 64           ; Untyped             ;
; LPM_WIDTHS                                     ; 1            ; Untyped             ;
; LPM_REPRESENTATION                             ; UNSIGNED     ; Untyped             ;
; LPM_PIPELINE                                   ; 0            ; Untyped             ;
; LATENCY                                        ; 0            ; Untyped             ;
; INPUT_A_IS_CONSTANT                            ; NO           ; Untyped             ;
; INPUT_B_IS_CONSTANT                            ; NO           ; Untyped             ;
; USE_EAB                                        ; OFF          ; Untyped             ;
; MAXIMIZE_SPEED                                 ; 5            ; Untyped             ;
; DEVICE_FAMILY                                  ; Cyclone IV E ; Untyped             ;
; CARRY_CHAIN                                    ; MANUAL       ; Untyped             ;
; APEX20K_TECHNOLOGY_MAPPER                      ; LUT          ; TECH_MAPPER_APEX20K ;
; DEDICATED_MULTIPLIER_CIRCUITRY                 ; AUTO         ; Untyped             ;
; DEDICATED_MULTIPLIER_MIN_INPUT_WIDTH_FOR_AUTO  ; 0            ; Untyped             ;
; DEDICATED_MULTIPLIER_MIN_OUTPUT_WIDTH_FOR_AUTO ; 0            ; Untyped             ;
; CBXI_PARAMETER                                 ; mult_7dt     ; Untyped             ;
; INPUT_A_FIXED_VALUE                            ; Bx           ; Untyped             ;
; INPUT_B_FIXED_VALUE                            ; Bx           ; Untyped             ;
; USE_AHDL_IMPLEMENTATION                        ; OFF          ; Untyped             ;
+------------------------------------------------+--------------+---------------------+
Note: In order to hide this table in the UI and the text report file, please set the "Show Parameter Settings in Synthesis Report" option in "Analysis and Synthesis Settings -> More Settings" to "Off".


+-------------------------------------------------------------------------------------+
; Parameter Settings for Inferred Entity Instance: alu:myAlu|lpm_mult:Mult1           ;
+------------------------------------------------+--------------+---------------------+
; Parameter Name                                 ; Value        ; Type                ;
+------------------------------------------------+--------------+---------------------+
; AUTO_CARRY_CHAINS                              ; ON           ; AUTO_CARRY          ;
; IGNORE_CARRY_BUFFERS                           ; OFF          ; IGNORE_CARRY        ;
; AUTO_CASCADE_CHAINS                            ; ON           ; AUTO_CASCADE        ;
; IGNORE_CASCADE_BUFFERS                         ; OFF          ; IGNORE_CASCADE      ;
; LPM_WIDTHA                                     ; 32           ; Untyped             ;
; LPM_WIDTHB                                     ; 32           ; Untyped             ;
; LPM_WIDTHP                                     ; 64           ; Untyped             ;
; LPM_WIDTHR                                     ; 64           ; Untyped             ;
; LPM_WIDTHS                                     ; 1            ; Untyped             ;
; LPM_REPRESENTATION                             ; UNSIGNED     ; Untyped             ;
; LPM_PIPELINE                                   ; 0            ; Untyped             ;
; LATENCY                                        ; 0            ; Untyped             ;
; INPUT_A_IS_CONSTANT                            ; NO           ; Untyped             ;
; INPUT_B_IS_CONSTANT                            ; NO           ; Untyped             ;
; USE_EAB                                        ; OFF          ; Untyped             ;
; MAXIMIZE_SPEED                                 ; 5            ; Untyped             ;
; DEVICE_FAMILY                                  ; Cyclone IV E ; Untyped             ;
; CARRY_CHAIN                                    ; MANUAL       ; Untyped             ;
; APEX20K_TECHNOLOGY_MAPPER                      ; LUT          ; TECH_MAPPER_APEX20K ;
; DEDICATED_MULTIPLIER_CIRCUITRY                 ; AUTO         ; Untyped             ;
; DEDICATED_MULTIPLIER_MIN_INPUT_WIDTH_FOR_AUTO  ; 0            ; Untyped             ;
; DEDICATED_MULTIPLIER_MIN_OUTPUT_WIDTH_FOR_AUTO ; 0            ; Untyped             ;
; CBXI_PARAMETER                                 ; mult_7dt     ; Untyped             ;
; INPUT_A_FIXED_VALUE                            ; Bx           ; Untyped             ;
; INPUT_B_FIXED_VALUE                            ; Bx           ; Untyped             ;
; USE_AHDL_IMPLEMENTATION                        ; OFF          ; Untyped             ;
+------------------------------------------------+--------------+---------------------+
Note: In order to hide this table in the UI and the text report file, please set the "Show Parameter Settings in Synthesis Report" option in "Analysis and Synthesis Settings -> More Settings" to "Off".


+------------------------------------------------------------------+
; lpm_mult Parameter Settings by Entity Instance                   ;
+---------------------------------------+--------------------------+
; Name                                  ; Value                    ;
+---------------------------------------+--------------------------+
; Number of entity instances            ; 2                        ;
; Entity Instance                       ; alu:myAlu|lpm_mult:Mult0 ;
;     -- LPM_WIDTHA                     ; 32                       ;
;     -- LPM_WIDTHB                     ; 32                       ;
;     -- LPM_WIDTHP                     ; 64                       ;
;     -- LPM_REPRESENTATION             ; UNSIGNED                 ;
;     -- INPUT_A_IS_CONSTANT            ; NO                       ;
;     -- INPUT_B_IS_CONSTANT            ; NO                       ;
;     -- USE_EAB                        ; OFF                      ;
;     -- DEDICATED_MULTIPLIER_CIRCUITRY ; AUTO                     ;
;     -- INPUT_A_FIXED_VALUE            ; Bx                       ;
;     -- INPUT_B_FIXED_VALUE            ; Bx                       ;
; Entity Instance                       ; alu:myAlu|lpm_mult:Mult1 ;
;     -- LPM_WIDTHA                     ; 32                       ;
;     -- LPM_WIDTHB                     ; 32                       ;
;     -- LPM_WIDTHP                     ; 64                       ;
;     -- LPM_REPRESENTATION             ; UNSIGNED                 ;
;     -- INPUT_A_IS_CONSTANT            ; NO                       ;
;     -- INPUT_B_IS_CONSTANT            ; NO                       ;
;     -- USE_EAB                        ; OFF                      ;
;     -- DEDICATED_MULTIPLIER_CIRCUITRY ; AUTO                     ;
;     -- INPUT_A_FIXED_VALUE            ; Bx                       ;
;     -- INPUT_B_FIXED_VALUE            ; Bx                       ;
+---------------------------------------+--------------------------+


+----------------------------------------------------------+
; Port Connectivity Checks: "mux4to1_32bit:regWriteSelMUX" ;
+--------+-------+----------+------------------------------+
; Port   ; Type  ; Severity ; Details                      ;
+--------+-------+----------+------------------------------+
; INPUT3 ; Input ; Info     ; Stuck at GND                 ;
+--------+-------+----------+------------------------------+


+----------------------------------------------------------------------------+
; Port Connectivity Checks: "control_unit:myControl|mux2to1_3bit:funct3_mux" ;
+--------+-------+----------+------------------------------------------------+
; Port   ; Type  ; Severity ; Details                                        ;
+--------+-------+----------+------------------------------------------------+
; INPUT2 ; Input ; Info     ; Stuck at GND                                   ;
+--------+-------+----------+------------------------------------------------+


+-------------------------------+
; Elapsed Time Per Partition    ;
+----------------+--------------+
; Partition Name ; Elapsed Time ;
+----------------+--------------+
; Top            ; 00:00:09     ;
+----------------+--------------+


+-------------------------------+
; Analysis & Synthesis Messages ;
+-------------------------------+
Info: *******************************************************************
Info: Running Quartus II 32-bit Analysis & Synthesis
    Info: Version 12.1 Build 177 11/07/2012 SJ Full Version
    Info: Processing started: Fri Jul 15 14:08:06 2022
Info: Command: quartus_map --read_settings_files=on --write_settings_files=off RV32IM_pipeline -c RV32IM_pipeline
Info (11104): Parallel Compilation has detected 4 hyper-threaded processors. However, the extra hyper-threaded processors will not be used by default. Parallel Compilation will use 2 of the 2 physical processors detected instead.
Info (12021): Found 1 design units, including 1 entities, in source file cpu/testbench/testbenchcpu.v
    Info (12023): Found entity 1: testbenchCPU
Info (12021): Found 1 design units, including 1 entities, in source file cpu/supported_modules/twoscomp.v
    Info (12023): Found entity 1: twosComp
Info (12021): Found 1 design units, including 1 entities, in source file cpu/supported_modules/mux16to1_128bit.v
    Info (12023): Found entity 1: mux16to1_128bit
Info (12021): Found 1 design units, including 1 entities, in source file cpu/supported_modules/mux16to1_28bit.v
    Info (12023): Found entity 1: mux16to1_28bit
Info (12021): Found 1 design units, including 1 entities, in source file cpu/supported_modules/mux4to1_32bit.v
    Info (12023): Found entity 1: mux4to1_32bit
Info (12021): Found 1 design units, including 1 entities, in source file cpu/supported_modules/mux2to1_32bit.v
    Info (12023): Found entity 1: mux2to1_32bit
Info (12021): Found 1 design units, including 1 entities, in source file cpu/supported_modules/mux2to1_3bit.v
    Info (12023): Found entity 1: mux2to1_3bit
Info (12021): Found 1 design units, including 1 entities, in source file cpu/supported_modules/adder.v
    Info (12023): Found entity 1: adder
Info (12021): Found 1 design units, including 1 entities, in source file cpu/register_file_module/reg_file.v
    Info (12023): Found entity 1: reg_file
Info (12021): Found 1 design units, including 1 entities, in source file cpu/instruction_memory_module/ins_memory.v
    Info (12023): Found entity 1: ins_memory
Info (12021): Found 1 design units, including 1 entities, in source file cpu/immediate_select_module/immediate_select.v
    Info (12023): Found entity 1: immediate_select
Info (12021): Found 1 design units, including 1 entities, in source file cpu/forward_unit_modules/stage4_forward_unit.v
    Info (12023): Found entity 1: stage4_forward_unit
Info (12021): Found 1 design units, including 1 entities, in source file cpu/forward_unit_modules/stage3_forward_unit.v
    Info (12023): Found entity 1: stage3_forward_unit
Info (12021): Found 1 design units, including 1 entities, in source file cpu/data_memory_module/data_memory.v
    Info (12023): Found entity 1: data_memory
Info (12021): Found 1 design units, including 1 entities, in source file cpu/cpu_module/cpu.v
    Info (12023): Found entity 1: cpu
Info (12021): Found 1 design units, including 1 entities, in source file cpu/control_unit_module/control_unit.v
    Info (12023): Found entity 1: control_unit
Info (12021): Found 1 design units, including 1 entities, in source file cpu/branch_select_module/branch_select.v
    Info (12023): Found entity 1: branch_select
Info (12021): Found 1 design units, including 1 entities, in source file cpu/alu_module/alu.v
    Info (12023): Found entity 1: alu
Info (12127): Elaborating entity "cpu" for the top level hierarchy
Info (12128): Elaborating entity "mux2to1_32bit" for hierarchy "mux2to1_32bit:muxjump"
Info (12128): Elaborating entity "reg_file" for hierarchy "reg_file:myreg"
Info (12128): Elaborating entity "immediate_select" for hierarchy "immediate_select:myImmediate"
Warning (10036): Verilog HDL or VHDL warning at immediate_select.v(8): object "TYPE4" assigned a value but never read
Warning (10230): Verilog HDL assignment warning at immediate_select.v(42): truncated value with size 33 to match size of target (32)
Warning (10230): Verilog HDL assignment warning at immediate_select.v(44): truncated value with size 33 to match size of target (32)
Warning (10270): Verilog HDL Case Statement warning at immediate_select.v(21): incomplete case statement has no default case item
Warning (10240): Verilog HDL Always Construct warning at immediate_select.v(21): inferring latch(es) for variable "OUT", which holds its previous value in one or more paths through the always construct
Info (10041): Inferred latch for "OUT[0]" at immediate_select.v(21)
Info (10041): Inferred latch for "OUT[1]" at immediate_select.v(21)
Info (10041): Inferred latch for "OUT[2]" at immediate_select.v(21)
Info (10041): Inferred latch for "OUT[3]" at immediate_select.v(21)
Info (10041): Inferred latch for "OUT[4]" at immediate_select.v(21)
Info (10041): Inferred latch for "OUT[5]" at immediate_select.v(21)
Info (10041): Inferred latch for "OUT[6]" at immediate_select.v(21)
Info (10041): Inferred latch for "OUT[7]" at immediate_select.v(21)
Info (10041): Inferred latch for "OUT[8]" at immediate_select.v(21)
Info (10041): Inferred latch for "OUT[9]" at immediate_select.v(21)
Info (10041): Inferred latch for "OUT[10]" at immediate_select.v(21)
Info (10041): Inferred latch for "OUT[11]" at immediate_select.v(21)
Info (10041): Inferred latch for "OUT[12]" at immediate_select.v(21)
Info (10041): Inferred latch for "OUT[13]" at immediate_select.v(21)
Info (10041): Inferred latch for "OUT[14]" at immediate_select.v(21)
Info (10041): Inferred latch for "OUT[15]" at immediate_select.v(21)
Info (10041): Inferred latch for "OUT[16]" at immediate_select.v(21)
Info (10041): Inferred latch for "OUT[17]" at immediate_select.v(21)
Info (10041): Inferred latch for "OUT[18]" at immediate_select.v(21)
Info (10041): Inferred latch for "OUT[19]" at immediate_select.v(21)
Info (10041): Inferred latch for "OUT[20]" at immediate_select.v(21)
Info (10041): Inferred latch for "OUT[21]" at immediate_select.v(21)
Info (10041): Inferred latch for "OUT[22]" at immediate_select.v(21)
Info (10041): Inferred latch for "OUT[23]" at immediate_select.v(21)
Info (10041): Inferred latch for "OUT[24]" at immediate_select.v(21)
Info (10041): Inferred latch for "OUT[25]" at immediate_select.v(21)
Info (10041): Inferred latch for "OUT[26]" at immediate_select.v(21)
Info (10041): Inferred latch for "OUT[27]" at immediate_select.v(21)
Info (10041): Inferred latch for "OUT[28]" at immediate_select.v(21)
Info (10041): Inferred latch for "OUT[29]" at immediate_select.v(21)
Info (10041): Inferred latch for "OUT[30]" at immediate_select.v(21)
Info (10041): Inferred latch for "OUT[31]" at immediate_select.v(21)
Info (12128): Elaborating entity "control_unit" for hierarchy "control_unit:myControl"
Info (12128): Elaborating entity "mux2to1_3bit" for hierarchy "control_unit:myControl|mux2to1_3bit:funct3_mux"
Info (12128): Elaborating entity "mux4to1_32bit" for hierarchy "mux4to1_32bit:oparand1_mux_haz"
Info (12128): Elaborating entity "alu" for hierarchy "alu:myAlu"
Warning (10059): Verilog HDL Case Statement warning at alu.v(97): case item expression never matches the case expression because it contains an 'x' or 'z' value
Info (12128): Elaborating entity "branch_select" for hierarchy "branch_select:myBranchSelect"
Info (12128): Elaborating entity "stage3_forward_unit" for hierarchy "stage3_forward_unit:myStage3Fowarding"
Info (12128): Elaborating entity "stage4_forward_unit" for hierarchy "stage4_forward_unit:stage4_forward_unit"
Warning (14026): LATCH primitive "immediate_select:myImmediate|OUT[0]" is permanently enabled
Warning (14026): LATCH primitive "immediate_select:myImmediate|OUT[1]" is permanently enabled
Warning (14026): LATCH primitive "immediate_select:myImmediate|OUT[2]" is permanently enabled
Warning (14026): LATCH primitive "immediate_select:myImmediate|OUT[3]" is permanently enabled
Warning (14026): LATCH primitive "immediate_select:myImmediate|OUT[4]" is permanently enabled
Warning (14026): LATCH primitive "immediate_select:myImmediate|OUT[5]" is permanently enabled
Warning (14026): LATCH primitive "immediate_select:myImmediate|OUT[6]" is permanently enabled
Warning (14026): LATCH primitive "immediate_select:myImmediate|OUT[7]" is permanently enabled
Warning (14026): LATCH primitive "immediate_select:myImmediate|OUT[8]" is permanently enabled
Warning (14026): LATCH primitive "immediate_select:myImmediate|OUT[9]" is permanently enabled
Warning (14026): LATCH primitive "immediate_select:myImmediate|OUT[10]" is permanently enabled
Warning (14026): LATCH primitive "immediate_select:myImmediate|OUT[11]" is permanently enabled
Warning (14026): LATCH primitive "immediate_select:myImmediate|OUT[12]" is permanently enabled
Warning (14026): LATCH primitive "immediate_select:myImmediate|OUT[13]" is permanently enabled
Warning (14026): LATCH primitive "immediate_select:myImmediate|OUT[14]" is permanently enabled
Warning (14026): LATCH primitive "immediate_select:myImmediate|OUT[15]" is permanently enabled
Warning (14026): LATCH primitive "immediate_select:myImmediate|OUT[16]" is permanently enabled
Warning (14026): LATCH primitive "immediate_select:myImmediate|OUT[17]" is permanently enabled
Warning (14026): LATCH primitive "immediate_select:myImmediate|OUT[18]" is permanently enabled
Warning (14026): LATCH primitive "immediate_select:myImmediate|OUT[19]" is permanently enabled
Warning (14026): LATCH primitive "immediate_select:myImmediate|OUT[20]" is permanently enabled
Warning (14026): LATCH primitive "immediate_select:myImmediate|OUT[21]" is permanently enabled
Warning (14026): LATCH primitive "immediate_select:myImmediate|OUT[22]" is permanently enabled
Warning (14026): LATCH primitive "immediate_select:myImmediate|OUT[23]" is permanently enabled
Warning (14026): LATCH primitive "immediate_select:myImmediate|OUT[24]" is permanently enabled
Warning (14026): LATCH primitive "immediate_select:myImmediate|OUT[25]" is permanently enabled
Warning (14026): LATCH primitive "immediate_select:myImmediate|OUT[26]" is permanently enabled
Warning (14026): LATCH primitive "immediate_select:myImmediate|OUT[27]" is permanently enabled
Warning (14026): LATCH primitive "immediate_select:myImmediate|OUT[28]" is permanently enabled
Warning (14026): LATCH primitive "immediate_select:myImmediate|OUT[29]" is permanently enabled
Warning (14026): LATCH primitive "immediate_select:myImmediate|OUT[30]" is permanently enabled
Warning (14026): LATCH primitive "immediate_select:myImmediate|OUT[31]" is permanently enabled
Info (278001): Inferred 2 megafunctions from design logic
    Info (278003): Inferred multiplier megafunction ("lpm_mult") from the following logic: "alu:myAlu|Mult0"
    Info (278003): Inferred multiplier megafunction ("lpm_mult") from the following logic: "alu:myAlu|Mult1"
Info (12130): Elaborated megafunction instantiation "alu:myAlu|lpm_mult:Mult0"
Info (12133): Instantiated megafunction "alu:myAlu|lpm_mult:Mult0" with the following parameter:
    Info (12134): Parameter "LPM_WIDTHA" = "32"
    Info (12134): Parameter "LPM_WIDTHB" = "32"
    Info (12134): Parameter "LPM_WIDTHP" = "64"
    Info (12134): Parameter "LPM_WIDTHR" = "64"
    Info (12134): Parameter "LPM_WIDTHS" = "1"
    Info (12134): Parameter "LPM_REPRESENTATION" = "UNSIGNED"
    Info (12134): Parameter "INPUT_A_IS_CONSTANT" = "NO"
    Info (12134): Parameter "INPUT_B_IS_CONSTANT" = "NO"
    Info (12134): Parameter "MAXIMIZE_SPEED" = "5"
Info (12021): Found 1 design units, including 1 entities, in source file db/mult_7dt.tdf
    Info (12023): Found entity 1: mult_7dt
Info (12130): Elaborated megafunction instantiation "alu:myAlu|lpm_mult:Mult1"
Info (12133): Instantiated megafunction "alu:myAlu|lpm_mult:Mult1" with the following parameter:
    Info (12134): Parameter "LPM_WIDTHA" = "32"
    Info (12134): Parameter "LPM_WIDTHB" = "32"
    Info (12134): Parameter "LPM_WIDTHP" = "64"
    Info (12134): Parameter "LPM_WIDTHR" = "64"
    Info (12134): Parameter "LPM_WIDTHS" = "1"
    Info (12134): Parameter "LPM_REPRESENTATION" = "UNSIGNED"
    Info (12134): Parameter "INPUT_A_IS_CONSTANT" = "NO"
    Info (12134): Parameter "INPUT_B_IS_CONSTANT" = "NO"
    Info (12134): Parameter "MAXIMIZE_SPEED" = "5"
Warning (14284): Synthesized away the following node(s):
    Warning (14285): Synthesized away the following DSP element node(s):
        Warning (14320): Synthesized away node "alu:myAlu|lpm_mult:Mult1|mult_7dt:auto_generated|mac_mult7"
        Warning (14320): Synthesized away node "alu:myAlu|lpm_mult:Mult1|mult_7dt:auto_generated|mac_out8"
        Warning (14320): Synthesized away node "alu:myAlu|lpm_mult:Mult0|mult_7dt:auto_generated|mac_mult7"
        Warning (14320): Synthesized away node "alu:myAlu|lpm_mult:Mult0|mult_7dt:auto_generated|mac_out8"
Info (13014): Ignored 168 buffer(s)
    Info (13019): Ignored 168 SOFT buffer(s)
Info (286030): Timing-Driven Synthesis is running
Info (16010): Generating hard_block partition "hard_block:auto_generated_inst"
    Info (16011): Adding 0 node(s), including 0 DDIO, 0 PLL, 0 transceiver and 0 LCELL
Info (21057): Implemented 4242 device resources after synthesis - the final resource count might be different
    Info (21058): Implemented 68 input pins
    Info (21059): Implemented 104 output pins
    Info (21061): Implemented 4058 logic cells
    Info (21062): Implemented 12 DSP elements
Info: Quartus II 32-bit Analysis & Synthesis was successful. 0 errors, 44 warnings
    Info: Peak virtual memory: 378 megabytes
    Info: Processing ended: Fri Jul 15 14:08:18 2022
    Info: Elapsed time: 00:00:12
    Info: Total CPU time (on all processors): 00:00:11


